<?xml version="1.0" encoding="UTF-8"?>
<!-- Generated by org.testng.reporters.JUnitXMLReporter -->
<testsuite ignored="0" hostname="DESKTOP-FR5COSQ" failures="0" tests="3" name="DataTest" time="84.311" errors="0" timestamp="2023-12-13T09:12:00 IST">
  <testcase classname="com.example.StandAloneTest2" name="submitOrder" time="8.77"/>
  <testcase classname="com.example.StandAloneTest2" name="submitOrder" time="5.246"/>
  <testcase classname="com.example.StandAloneTest2" name="orderHistory" time="2.48"/>
</testsuite> <!-- DataTest -->
